{
  "RSpec": {
    "coverage": {
      "/Users/tronkat/Turing/BackEnd/Mod2/Projects/d_and_r_adopt/spec/support/factory_bot.rb": {
        "lines": [
          1,
          null,
          1,
          1,
          null
        ]
      },
      "/Users/tronkat/Turing/BackEnd/Mod2/Projects/d_and_r_adopt/config/environment.rb": {
        "lines": [
          null,
          1,
          null,
          null,
          1
        ]
      },
      "/Users/tronkat/Turing/BackEnd/Mod2/Projects/d_and_r_adopt/config/application.rb": {
        "lines": [
          1,
          null,
          1,
          null,
          1,
          1,
          1,
          1,
          1,
          1,
          1,
          1,
          null,
          null,
          null,
          null,
          1,
          null,
          1,
          1,
          null,
          1,
          null,
          null,
          null,
          null,
          null,
          null,
          1,
          null,
          null
        ]
      },
      "/Users/tronkat/Turing/BackEnd/Mod2/Projects/d_and_r_adopt/config/boot.rb": {
        "lines": [
          1,
          null,
          1
        ]
      },
      "/Users/tronkat/Turing/BackEnd/Mod2/Projects/d_and_r_adopt/config/environments/test.rb": {
        "lines": [
          1,
          null,
          null,
          null,
          null,
          null,
          null,
          1,
          null,
          null,
          null,
          null,
          1,
          null,
          null,
          1,
          1,
          null,
          null,
          null,
          null,
          1,
          1,
          null,
          null,
          1,
          null,
          null,
          1,
          1,
          null,
          null,
          null,
          null,
          1,
          null,
          null,
          1,
          null,
          null,
          null,
          null
        ]
      },
      "/Users/tronkat/Turing/BackEnd/Mod2/Projects/d_and_r_adopt/config/initializers/application_controller_renderer.rb": {
        "lines": [
          null,
          null,
          null,
          null,
          null,
          null,
          null,
          null
        ]
      },
      "/Users/tronkat/Turing/BackEnd/Mod2/Projects/d_and_r_adopt/config/initializers/assets.rb": {
        "lines": [
          null,
          null,
          null,
          1,
          null,
          null,
          null,
          null,
          1,
          null,
          null,
          null,
          null,
          null
        ]
      },
      "/Users/tronkat/Turing/BackEnd/Mod2/Projects/d_and_r_adopt/config/initializers/backtrace_silencers.rb": {
        "lines": [
          null,
          null,
          null,
          null,
          null,
          null,
          null
        ]
      },
      "/Users/tronkat/Turing/BackEnd/Mod2/Projects/d_and_r_adopt/config/initializers/cookies_serializer.rb": {
        "lines": [
          null,
          null,
          null,
          null,
          1
        ]
      },
      "/Users/tronkat/Turing/BackEnd/Mod2/Projects/d_and_r_adopt/config/initializers/filter_parameter_logging.rb": {
        "lines": [
          null,
          null,
          null,
          1
        ]
      },
      "/Users/tronkat/Turing/BackEnd/Mod2/Projects/d_and_r_adopt/config/initializers/inflections.rb": {
        "lines": [
          null,
          null,
          null,
          null,
          null,
          null,
          null,
          null,
          null,
          null,
          null,
          null,
          null,
          null,
          null,
          null
        ]
      },
      "/Users/tronkat/Turing/BackEnd/Mod2/Projects/d_and_r_adopt/config/initializers/mime_types.rb": {
        "lines": [
          null,
          null,
          null,
          null
        ]
      },
      "/Users/tronkat/Turing/BackEnd/Mod2/Projects/d_and_r_adopt/config/initializers/wrap_parameters.rb": {
        "lines": [
          null,
          null,
          null,
          null,
          null,
          null,
          1,
          2,
          null,
          null,
          null,
          null,
          null,
          null
        ]
      },
      "/Users/tronkat/Turing/BackEnd/Mod2/Projects/d_and_r_adopt/spec/factories/pet.rb": {
        "lines": [
          1,
          1,
          20,
          20,
          20,
          20,
          30,
          40,
          1,
          null,
          null
        ]
      },
      "/Users/tronkat/Turing/BackEnd/Mod2/Projects/d_and_r_adopt/spec/factories/shelter.rb": {
        "lines": [
          1,
          1,
          27,
          27,
          27,
          27,
          27,
          null,
          null
        ]
      },
      "/Users/tronkat/Turing/BackEnd/Mod2/Projects/d_and_r_adopt/config/routes.rb": {
        "lines": [
          1,
          null,
          1,
          1,
          1,
          1,
          1,
          1,
          1,
          null,
          1,
          1,
          1,
          null,
          1,
          1,
          1,
          1,
          1,
          null,
          1,
          1,
          null
        ]
      },
      "/Users/tronkat/Turing/BackEnd/Mod2/Projects/d_and_r_adopt/app/helpers/application_helper.rb": {
        "lines": [
          1,
          null
        ]
      },
      "/Users/tronkat/Turing/BackEnd/Mod2/Projects/d_and_r_adopt/spec/features/favorites/add_favorites_spec.rb": {
        "lines": [
          1,
          null,
          1,
          1,
          1,
          null,
          1,
          1,
          null,
          null,
          1,
          1,
          1,
          null,
          1,
          1,
          1,
          1,
          null,
          null,
          1,
          null,
          1,
          1,
          null,
          null,
          1,
          null,
          1,
          1,
          1,
          null,
          null,
          null
        ]
      },
      "/Users/tronkat/Turing/BackEnd/Mod2/Projects/d_and_r_adopt/spec/features/favorites/index_spec.rb": {
        "lines": [
          1,
          null,
          1,
          1,
          3,
          null,
          3,
          3,
          null,
          null,
          null,
          null,
          null,
          null,
          null,
          1,
          1,
          null,
          1,
          1,
          1,
          null,
          null,
          1,
          1,
          1,
          null,
          null,
          null,
          1,
          1,
          1,
          1,
          1,
          null,
          1,
          null,
          1,
          1,
          1,
          1,
          null,
          1,
          null,
          null,
          1,
          1,
          1,
          null,
          1,
          null,
          null,
          null,
          null
        ]
      },
      "/Users/tronkat/Turing/BackEnd/Mod2/Projects/d_and_r_adopt/spec/features/pet/destroy_spec.rb": {
        "lines": [
          1,
          null,
          1,
          1,
          1,
          null,
          1,
          null,
          null,
          1,
          1,
          null,
          1,
          null,
          1,
          null,
          1,
          null,
          1,
          null,
          1,
          null,
          null
        ]
      },
      "/Users/tronkat/Turing/BackEnd/Mod2/Projects/d_and_r_adopt/spec/features/pet/index_spec.rb": {
        "lines": [
          1,
          null,
          1,
          null,
          1,
          5,
          null,
          5,
          null,
          5,
          null,
          null,
          null,
          null,
          null,
          null,
          5,
          null,
          null,
          1,
          1,
          1,
          1,
          1,
          1,
          1,
          null,
          null,
          1,
          1,
          1,
          1,
          1,
          1,
          null,
          null,
          null,
          1,
          1,
          1,
          null,
          null,
          1,
          null,
          1,
          1,
          1,
          null,
          1,
          null,
          1,
          1,
          null,
          1,
          1,
          null,
          null,
          1,
          1,
          1,
          null,
          null,
          1,
          1,
          1,
          null,
          null,
          1,
          1,
          1,
          null,
          null,
          1,
          null,
          null,
          1,
          1,
          null,
          1,
          null,
          null
        ]
      },
      "/Users/tronkat/Turing/BackEnd/Mod2/Projects/d_and_r_adopt/spec/features/pet/show_spec.rb": {
        "lines": [
          1,
          null,
          1,
          1,
          2,
          null,
          2,
          null,
          2,
          null,
          null,
          null,
          null,
          null,
          null,
          1,
          null,
          1,
          null,
          1,
          1,
          1,
          1,
          1,
          1,
          1,
          1,
          1,
          null,
          1,
          1,
          1,
          1,
          null,
          null,
          1,
          null,
          1,
          1,
          null,
          1,
          null,
          null
        ]
      },
      "/Users/tronkat/Turing/BackEnd/Mod2/Projects/d_and_r_adopt/spec/features/pet/update_spec.rb": {
        "lines": [
          1,
          null,
          1,
          1,
          1,
          null,
          1,
          null,
          null,
          1,
          1,
          null,
          1,
          1,
          1,
          1,
          null,
          1,
          null,
          1,
          null,
          1,
          1,
          1,
          1,
          null,
          1,
          null,
          1,
          null,
          1,
          1,
          1,
          1,
          1,
          null,
          null,
          1,
          1,
          1,
          1,
          null,
          null
        ]
      },
      "/Users/tronkat/Turing/BackEnd/Mod2/Projects/d_and_r_adopt/spec/features/shelter/destroy_spec.rb": {
        "lines": [
          1,
          null,
          1,
          1,
          1,
          1,
          null,
          1,
          null,
          1,
          1,
          1,
          1,
          null,
          null
        ]
      },
      "/Users/tronkat/Turing/BackEnd/Mod2/Projects/d_and_r_adopt/spec/features/shelter/edit_spec.rb": {
        "lines": [
          1,
          null,
          1,
          1,
          1,
          null,
          null,
          1,
          1,
          null,
          1,
          null,
          1,
          1,
          null,
          1,
          1,
          1,
          1,
          null,
          1,
          null,
          1,
          1,
          1,
          null,
          null
        ]
      },
      "/Users/tronkat/Turing/BackEnd/Mod2/Projects/d_and_r_adopt/spec/features/shelter/index_spec.rb": {
        "lines": [
          1,
          null,
          1,
          1,
          4,
          4,
          4,
          null,
          null,
          1,
          1,
          1,
          1,
          null,
          null,
          1,
          1,
          1,
          null,
          null,
          1,
          null,
          1,
          1,
          1,
          null,
          1,
          null,
          1,
          1,
          null,
          1,
          1,
          null,
          null,
          1,
          1,
          1,
          null,
          null,
          1,
          1,
          1,
          null,
          null,
          1,
          1,
          null,
          1,
          null,
          null
        ]
      },
      "/Users/tronkat/Turing/BackEnd/Mod2/Projects/d_and_r_adopt/spec/features/shelter/new_spec.rb": {
        "lines": [
          1,
          null,
          1,
          1,
          1,
          1,
          null,
          1,
          1,
          null,
          1,
          1,
          1,
          1,
          1,
          null,
          1,
          null,
          1,
          1,
          null,
          null
        ]
      },
      "/Users/tronkat/Turing/BackEnd/Mod2/Projects/d_and_r_adopt/spec/features/shelter/pets/pet_create_spec.rb": {
        "lines": [
          1,
          null,
          1,
          1,
          1,
          null,
          null,
          1,
          1,
          1,
          null,
          1,
          1,
          null,
          1,
          1,
          1,
          1,
          null,
          1,
          null,
          1,
          null,
          1,
          1,
          1,
          null,
          null
        ]
      },
      "/Users/tronkat/Turing/BackEnd/Mod2/Projects/d_and_r_adopt/spec/features/shelter/pets/pet_index_spec.rb": {
        "lines": [
          1,
          null,
          1,
          1,
          5,
          5,
          null,
          5,
          5,
          null,
          null,
          null,
          null,
          null,
          null,
          5,
          null,
          null,
          null,
          null,
          null,
          null,
          null,
          5,
          null,
          null,
          1,
          null,
          1,
          1,
          1,
          1,
          null,
          1,
          1,
          1,
          1,
          null,
          1,
          1,
          1,
          null,
          null,
          1,
          1,
          1,
          null,
          null,
          1,
          null,
          1,
          1,
          1,
          null,
          1,
          null,
          1,
          1,
          null,
          1,
          1,
          null,
          null,
          1,
          1,
          1,
          null,
          null,
          1,
          1,
          1,
          1,
          null,
          null,
          1,
          1,
          null,
          1,
          null,
          null,
          1,
          1,
          null,
          1,
          null,
          null
        ]
      },
      "/Users/tronkat/Turing/BackEnd/Mod2/Projects/d_and_r_adopt/spec/features/shelter/show_spec.rb": {
        "lines": [
          1,
          null,
          1,
          1,
          2,
          2,
          null,
          null,
          1,
          1,
          null,
          1,
          1,
          1,
          1,
          null,
          1,
          1,
          null,
          null,
          1,
          1,
          1,
          null,
          1,
          null,
          null
        ]
      },
      "/Users/tronkat/Turing/BackEnd/Mod2/Projects/d_and_r_adopt/spec/models/pet_spec.rb": {
        "lines": [
          1,
          null,
          1,
          1,
          2,
          2,
          2,
          2,
          null,
          null,
          1,
          2,
          null,
          null
        ]
      },
      "/Users/tronkat/Turing/BackEnd/Mod2/Projects/d_and_r_adopt/app/models/pet.rb": {
        "lines": [
          1,
          1,
          null,
          1,
          null,
          1,
          null
        ]
      },
      "/Users/tronkat/Turing/BackEnd/Mod2/Projects/d_and_r_adopt/app/models/application_record.rb": {
        "lines": [
          1,
          1,
          null
        ]
      },
      "/Users/tronkat/Turing/BackEnd/Mod2/Projects/d_and_r_adopt/spec/models/shelter_spec.rb": {
        "lines": [
          1,
          null,
          1,
          1,
          2,
          2,
          2,
          2,
          2,
          null,
          null,
          1,
          2,
          null,
          null
        ]
      },
      "/Users/tronkat/Turing/BackEnd/Mod2/Projects/d_and_r_adopt/app/models/shelter.rb": {
        "lines": [
          1,
          1,
          null,
          1,
          null
        ]
      },
      "/Users/tronkat/Turing/BackEnd/Mod2/Projects/d_and_r_adopt/app/controllers/pets_controller.rb": {
        "lines": [
          1,
          1,
          12,
          null,
          null,
          1,
          18,
          null,
          null,
          1,
          3,
          null,
          null,
          1,
          3,
          3,
          3,
          null,
          null,
          1,
          3,
          3,
          null,
          null,
          1,
          null,
          1,
          3,
          null,
          null,
          null
        ]
      },
      "/Users/tronkat/Turing/BackEnd/Mod2/Projects/d_and_r_adopt/app/controllers/application_controller.rb": {
        "lines": [
          1,
          1,
          null,
          1,
          null,
          1,
          72,
          8,
          null,
          64,
          null,
          null,
          null
        ]
      },
      "/Users/tronkat/Turing/BackEnd/Mod2/Projects/d_and_r_adopt/app/controllers/shelters_controller.rb": {
        "lines": [
          1,
          1,
          12,
          null,
          null,
          1,
          9,
          null,
          null,
          1,
          null,
          null,
          1,
          1,
          1,
          1,
          null,
          null,
          null,
          1,
          2,
          null,
          null,
          1,
          2,
          2,
          2,
          null,
          null,
          1,
          2,
          2,
          null,
          null,
          1,
          1,
          3,
          null,
          null
        ]
      },
      "/Users/tronkat/Turing/BackEnd/Mod2/Projects/d_and_r_adopt/app/controllers/favorites_controller.rb": {
        "lines": [
          1,
          1,
          3,
          1,
          null,
          null,
          null,
          null,
          1,
          4,
          0,
          4,
          2,
          2,
          null,
          2,
          2,
          2,
          null,
          4,
          null,
          null
        ]
      },
      "/Users/tronkat/Turing/BackEnd/Mod2/Projects/d_and_r_adopt/app/controllers/shelterpets_controller.rb": {
        "lines": [
          1,
          1,
          8,
          null,
          null,
          1,
          1,
          null,
          null,
          1,
          1,
          1,
          1,
          null,
          null,
          1,
          null,
          1,
          1,
          null,
          null
        ]
      }
    },
    "timestamp": 1580941979
  }
}
